2024-01-15 17:57:22,169 - INFO : 
2024-01-15 17:57:22,170 - INFO : 
2024-01-15 17:57:22,170 - INFO : Starting OM testing...
2024-01-15 17:57:22,171 - INFO : Code executed successfully
2024-01-15 17:57:22,412 - INFO : /opt/om_auto_test/shell/
2024-01-15 17:57:22,501 - INFO : Connected (version 2.0, client OpenSSH_7.4)
2024-01-15 17:57:22,775 - INFO : Authentication (password) successful!
2024-01-15 17:57:22,776 - INFO : Preparing to execute command: rm -rf /opt/om_auto_test/shell/ && mkdir -p /opt/om_auto_test/shell/
2024-01-15 17:57:23,047 - INFO : Connected (version 2.0, client OpenSSH_7.4)
2024-01-15 17:57:23,322 - INFO : Authentication (password) successful!
2024-01-15 17:57:23,523 - INFO : [chan 0] Opened sftp connection (server version 3)
2024-01-15 17:57:23,524 - INFO : 文件类型 ==2,文件名 ==
2024-01-15 17:57:23,525 - INFO : +++ 上传 C:\code_om\om_auto_test\lib/../shell/check_env_xtp.sh 到 10.14.40.184:/opt/om_auto_test/shell/./check_env_xtp.sh
2024-01-15 17:57:23,686 - INFO : [chan 0] sftp session closed.
2024-01-15 17:57:23,783 - INFO : Connected (version 2.0, client OpenSSH_7.4)
2024-01-15 17:57:24,091 - INFO : Authentication (password) successful!
2024-01-15 17:57:24,091 - INFO : Preparing to execute command: rm -rf /opt/om_auto_test/shell/ && mkdir -p /opt/om_auto_test/shell/
2024-01-15 17:57:24,376 - INFO : Connected (version 2.0, client OpenSSH_7.4)
2024-01-15 17:57:24,685 - INFO : Authentication (password) successful!
2024-01-15 17:57:24,899 - INFO : [chan 0] Opened sftp connection (server version 3)
2024-01-15 17:57:24,900 - INFO : 文件类型 ==2,文件名 ==
2024-01-15 17:57:24,901 - INFO : +++ 上传 C:\code_om\om_auto_test\lib/../shell/check_env_xtp.sh 到 10.14.40.185:/opt/om_auto_test/shell/./check_env_xtp.sh
2024-01-15 17:57:25,061 - INFO : [chan 0] sftp session closed.
2024-01-15 17:57:42,051 - INFO : 正在初始化,driver对象:<selenium.webdriver.chrome.webdriver.WebDriver (session="d8a382e59c3046c63a15e56e18c278e0")>
2024-01-15 17:57:42,052 - INFO : 正调用输入元素方法：('css selector', '.ant-input#userName') 输入内容：admin
2024-01-15 17:57:42,052 - INFO : 正调查找击元素：('css selector', '.ant-input#userName')
2024-01-15 17:57:42,586 - INFO : 输入框清空前的值：
2024-01-15 17:57:43,660 - INFO : 正调用输入元素方法：('css selector', '.ant-input#password') 输入内容：admin
2024-01-15 17:57:43,661 - INFO : 正调查找击元素：('css selector', '.ant-input#password')
2024-01-15 17:57:43,675 - INFO : 输入框清空前的值：
2024-01-15 17:57:44,730 - INFO : 正调用点击元素：('css selector', '.ant-btn.antd-pro-pages-user-login-components-login-index-submit.ant-btn-primary.ant-btn-lg.ant-btn-two-chinese-chars')
2024-01-15 17:57:44,731 - INFO : 正调查找击元素：('css selector', '.ant-btn.antd-pro-pages-user-login-components-login-index-submit.ant-btn-primary.ant-btn-lg.ant-btn-two-chinese-chars')
2024-01-15 17:57:44,801 - INFO : 正调用点击元素：('xpath', '//*[@id="root"]/div/section/aside/div/ul/li[2]/div/span/span[2]')
2024-01-15 17:57:44,802 - INFO : 正调查找击元素：('xpath', '//*[@id="root"]/div/section/aside/div/ul/li[2]/div/span/span[2]')
2024-01-15 17:57:45,905 - INFO : 正调用点击元素：('xpath', '//a[contains(@href, "/xtp/dashboard/services")]')
2024-01-15 17:57:45,905 - INFO : 正调查找击元素：('xpath', '//a[contains(@href, "/xtp/dashboard/services")]')
2024-01-15 17:57:47,030 - INFO : 正调查找击元素：('xpath', "//button[@class='ant-btn ant-btn-sm' and contains(span/@class, 'antd-pro-pages-v2-services-index-restart-icon')]")
2024-01-15 17:57:47,038 - INFO : 正调用点击元素：('xpath', "//button[@class='ant-btn ant-btn-sm' and contains(span/@class, 'antd-pro-pages-v2-services-index-restart-icon')]")
2024-01-15 17:57:47,038 - INFO : 正调查找击元素：('xpath', "//button[@class='ant-btn ant-btn-sm' and contains(span/@class, 'antd-pro-pages-v2-services-index-restart-icon')]")
2024-01-15 17:57:48,092 - INFO : 正调用点击元素：('xpath', "//div[@class='ant-modal-confirm-btns']//button[@class='ant-btn ant-btn-primary']/span[text()='是']")
2024-01-15 17:57:48,092 - INFO : 正调查找击元素：('xpath', "//div[@class='ant-modal-confirm-btns']//button[@class='ant-btn ant-btn-primary']/span[text()='是']")
2024-01-15 17:57:51,136 - INFO : 正调用点击元素：('css selector', '.antd-pro-components-global-header-index-action .antd-pro-components-global-header-index-badge')
2024-01-15 17:57:51,136 - INFO : 正调查找击元素：('css selector', '.antd-pro-components-global-header-index-action .antd-pro-components-global-header-index-badge')
2024-01-15 17:57:54,347 - INFO : 最新执行的命令：['重启数据库', '集群', '执行中', '取 消']
2024-01-15 17:57:54,348 - INFO : ['重启数据库', '集群', '执行中', '取 消']
2024-01-15 17:58:04,537 - INFO : 最新执行的命令：['重启数据库', '集群', '执行中', '取 消']
2024-01-15 17:58:04,538 - INFO : ['重启数据库', '集群', '执行中', '取 消']
2024-01-15 17:58:14,704 - INFO : 最新执行的命令：['重启数据库', '集群', '执行中', '取 消']
2024-01-15 17:58:14,704 - INFO : ['重启数据库', '集群', '执行中', '取 消']
2024-01-15 17:58:24,870 - INFO : 最新执行的命令：['重启数据库', '集群', '执行中', '取 消']
2024-01-15 17:58:24,870 - INFO : ['重启数据库', '集群', '执行中', '取 消']
2024-01-15 17:58:35,048 - INFO : 最新执行的命令：['重启数据库', '集群', '执行中', '取 消']
2024-01-15 17:58:35,049 - INFO : ['重启数据库', '集群', '执行中', '取 消']
2024-01-15 17:58:45,211 - INFO : 最新执行的命令：['重启数据库', '集群', '执行中', '取 消']
2024-01-15 17:58:45,212 - INFO : ['重启数据库', '集群', '执行中', '取 消']
2024-01-15 17:58:55,376 - INFO : 最新执行的命令：['重启数据库', '集群', '执行中', '取 消']
2024-01-15 17:58:55,376 - INFO : ['重启数据库', '集群', '执行中', '取 消']
2024-01-15 17:59:05,547 - INFO : 最新执行的命令：['重启数据库', '集群', '执行中', '取 消']
2024-01-15 17:59:05,548 - INFO : ['重启数据库', '集群', '执行中', '取 消']
2024-01-15 17:59:15,722 - INFO : 最新执行的命令：['重启数据库', '集群', '执行中', '取 消']
2024-01-15 17:59:15,722 - INFO : ['重启数据库', '集群', '执行中', '取 消']
2024-01-15 17:59:25,899 - INFO : 最新执行的命令：['重启数据库', '集群', '成功', '2024-01-15 17:57:49']
2024-01-15 17:59:25,900 - INFO : ['重启数据库', '集群', '成功', '2024-01-15 17:57:49']
2024-01-15 17:59:25,900 - INFO : check_database_xtp...
2024-01-15 17:59:25,988 - INFO : Connected (version 2.0, client OpenSSH_7.4)
2024-01-15 17:59:26,270 - INFO : Authentication (password) successful!
2024-01-15 17:59:26,270 - INFO : Preparing to execute command: sh /opt/om_auto_test/shell/check_env_xtp.sh
2024-01-15 17:59:26,681 - INFO : Output from preparing to execute sh /opt/om_auto_test/shell/check_env_xtp.sh: Success: 所有节点健康状态正常
2024-01-15 17:59:26,685 - INFO : Database health check: Success!
2024-01-15 17:59:41,923 - INFO : Email sent successfully!
